<?xml version="1.0" encoding="UTF-8"?>
<testng-results ignored="0" total="4" passed="4" failed="0" skipped="0">
  <reporter-output>
  </reporter-output>
  <suite started-at="2022-12-10T13:18:50 IST" name="Default suite" finished-at="2022-12-10T13:18:50 IST" duration-ms="64">
    <groups>
    </groups>
    <test started-at="2022-12-10T13:18:50 IST" name="Default test" finished-at="2022-12-10T13:18:50 IST" duration-ms="64">
      <class name="StepDefinition.loginsteps">
        <test-method signature="clicks_on_login_buton()[pri:0, instance:StepDefinition.loginsteps@6b8ca3c8]" started-at="2022-12-10T13:18:50 IST" name="clicks_on_login_buton" finished-at="2022-12-10T13:18:50 IST" duration-ms="8" status="PASS">
          <reporter-output>
          </reporter-output>
        </test-method> <!-- clicks_on_login_buton -->
        <test-method signature="user_enters_username_and_password()[pri:0, instance:StepDefinition.loginsteps@6b8ca3c8]" started-at="2022-12-10T13:18:50 IST" name="user_enters_username_and_password" finished-at="2022-12-10T13:18:50 IST" duration-ms="1" status="PASS">
          <reporter-output>
          </reporter-output>
        </test-method> <!-- user_enters_username_and_password -->
        <test-method signature="user_is_navigated_to_the_home_page()[pri:0, instance:StepDefinition.loginsteps@6b8ca3c8]" started-at="2022-12-10T13:18:50 IST" name="user_is_navigated_to_the_home_page" finished-at="2022-12-10T13:18:50 IST" duration-ms="1" status="PASS">
          <reporter-output>
          </reporter-output>
        </test-method> <!-- user_is_navigated_to_the_home_page -->
        <test-method signature="user_is_on_login_page()[pri:0, instance:StepDefinition.loginsteps@6b8ca3c8]" started-at="2022-12-10T13:18:50 IST" name="user_is_on_login_page" finished-at="2022-12-10T13:18:50 IST" duration-ms="5" status="PASS">
          <reporter-output>
          </reporter-output>
        </test-method> <!-- user_is_on_login_page -->
      </class> <!-- StepDefinition.loginsteps -->
    </test> <!-- Default test -->
  </suite> <!-- Default suite -->
</testng-results>
